[0m16:27:26.660128 [debug] [MainThread]: Sending event: {'category': 'dbt', 'action': 'invocation', 'label': 'start', 'context': [<snowplow_tracker.self_describing_json.SelfDescribingJson object at 0x7f7b7711d000>, <snowplow_tracker.self_describing_json.SelfDescribingJson object at 0x7f7b762a12a0>, <snowplow_tracker.self_describing_json.SelfDescribingJson object at 0x7f7b762a1240>]}


============================== 16:27:26.669847 | 1f98a4ce-e186-4f3a-8f12-2b73e4f634ab ==============================
[0m16:27:26.669847 [info ] [MainThread]: Running with dbt=1.9.3
[0m16:27:26.670889 [debug] [MainThread]: running dbt with arguments {'printer_width': '80', 'indirect_selection': 'eager', 'write_json': 'True', 'log_cache_events': 'False', 'partial_parse': 'True', 'cache_selected_only': 'False', 'profiles_dir': '/home/nishi/.dbt', 'version_check': 'True', 'debug': 'False', 'log_path': 'logs', 'fail_fast': 'False', 'warn_error': 'None', 'use_colors': 'True', 'use_experimental_parser': 'False', 'no_print': 'None', 'quiet': 'False', 'empty': 'None', 'warn_error_options': 'WarnErrorOptions(include=[], exclude=[])', 'static_parser': 'True', 'invocation_command': 'dbt init jaffle_shop', 'introspect': 'True', 'target_path': 'None', 'log_format': 'default', 'send_anonymous_usage_stats': 'True'}
[0m16:27:26.863653 [debug] [MainThread]: Starter project path: /mnt/d/iCloudDrive/MyJob/aboutTech/Github_repo/dbt/.venv/lib/python3.10/site-packages/dbt/include/starter_project
[0m16:27:27.084250 [info ] [MainThread]: 
Your new dbt project "jaffle_shop" was created!

For more information on how to configure the profiles.yml file,
please consult the dbt documentation here:

  https://docs.getdbt.com/docs/configure-your-profile

One more thing:

Need help? Don't hesitate to reach out to us via GitHub issues or on Slack:

  https://community.getdbt.com/

Happy modeling!

[0m16:27:27.085843 [info ] [MainThread]: Setting up your profile.
[0m16:27:58.708068 [debug] [MainThread]: Resource report: {"command_name": "init", "command_success": true, "command_wall_clock_time": 32.10465, "process_in_blocks": "68568", "process_kernel_time": 0.52328, "process_mem_max_rss": "125168", "process_out_blocks": "8", "process_user_time": 1.427128}
[0m16:27:58.709079 [debug] [MainThread]: Command `dbt init` succeeded at 16:27:58.708967 after 32.11 seconds
[0m16:27:58.709927 [debug] [MainThread]: Sending event: {'category': 'dbt', 'action': 'invocation', 'label': 'end', 'context': [<snowplow_tracker.self_describing_json.SelfDescribingJson object at 0x7f7b7711d000>, <snowplow_tracker.self_describing_json.SelfDescribingJson object at 0x7f7b762a1450>, <snowplow_tracker.self_describing_json.SelfDescribingJson object at 0x7f7b762a1210>]}
[0m16:27:58.710738 [debug] [MainThread]: Flushing usage events
[0m16:27:59.522089 [debug] [MainThread]: An error was encountered while trying to flush usage events
